<?xml version="1.0" encoding="UTF-8"?>
<testsuite xmlns:xsi="http://www.w3.org/2001/XMLSchema-instance" xsi:noNamespaceSchemaLocation="https://maven.apache.org/surefire/maven-surefire-plugin/xsd/surefire-test-report-3.0.xsd" version="3.0" name="com.jefecame.dreams.model.EstadoVentaTest" time="0.1" tests="9" errors="0" skipped="0" failures="0">
  <properties>
[...]
</properties>
  <testcase name="testEnumValues" classname="com.jefecame.dreams.model.EstadoVentaTest" time="0.006"/>
  <testcase name="testToString" classname="com.jefecame.dreams.model.EstadoVentaTest" time="0.003"/>
  <testcase name="testFromStringByEnumConstant" classname="com.jefecame.dreams.model.EstadoVentaTest" time="0.002"/>
  <testcase name="testFromStringByName" classname="com.jefecame.dreams.model.EstadoVentaTest" time="0.002"/>
  <testcase name="testCaseInsensitiveConversion" classname="com.jefecame.dreams.model.EstadoVentaTest" time="0.012"/>
  <testcase name="testInvalidStringConversion" classname="com.jefecame.dreams.model.EstadoVentaTest" time="0.004"/>
  <testcase name="testGetDescripcion" classname="com.jefecame.dreams.model.EstadoVentaTest" time="0.003"/>
  <testcase name="testGetNombre" classname="com.jefecame.dreams.model.EstadoVentaTest" time="0.004"/>
  <testcase name="testSwitchUsage" classname="com.jefecame.dreams.model.EstadoVentaTest" time="0.004"/>
</testsuite>