<?xml version="1.0" encoding="UTF-8"?>
<testsuite xmlns:xsi="http://www.w3.org/2001/XMLSchema-instance" xsi:noNamespaceSchemaLocation="https://maven.apache.org/surefire/maven-surefire-plugin/xsd/surefire-test-report-3.0.xsd" version="3.0" name="com.jefecame.dreams.service.ClienteServiceTest" time="0.9" tests="20" errors="1" skipped="0" failures="1">
  <properties>
[...]
</properties>
  <testcase name="testClienteServiceCreation" classname="com.jefecame.dreams.service.ClienteServiceTest" time="0.241"/>
  <testcase name="testAgregarClienteValid" classname="com.jefecame.dreams.service.ClienteServiceTest" time="0.178"/>
  <testcase name="testAgregarClienteValidation" classname="com.jefecame.dreams.service.ClienteServiceTest" time="0.008"/>
  <testcase name="testAgregarClienteDuplicateEmail" classname="com.jefecame.dreams.service.ClienteServiceTest" time="0.011"/>
  <testcase name="testEliminarCliente" classname="com.jefecame.dreams.service.ClienteServiceTest" time="0.015"/>
  <testcase name="testEliminarClienteNotFound" classname="com.jefecame.dreams.service.ClienteServiceTest" time="0.004"/>
  <testcase name="testBuscarCliente" classname="com.jefecame.dreams.service.ClienteServiceTest" time="0.005"/>
  <testcase name="testObtenerTodosLosClientes" classname="com.jefecame.dreams.service.ClienteServiceTest" time="0.006"/>
  <testcase name="testObtenerClientesActivos" classname="com.jefecame.dreams.service.ClienteServiceTest" time="0.028"/>
  <testcase name="testActualizarClienteValid" classname="com.jefecame.dreams.service.ClienteServiceTest" time="0.016"/>
  <testcase name="testActualizarClienteValidation" classname="com.jefecame.dreams.service.ClienteServiceTest" time="0.007"/>
  <testcase name="testActualizarClienteDuplicateEmail" classname="com.jefecame.dreams.service.ClienteServiceTest" time="0.004"/>
  <testcase name="testActualizarClienteNotFound" classname="com.jefecame.dreams.service.ClienteServiceTest" time="0.012"/>
  <testcase name="testDesactivarCliente" classname="com.jefecame.dreams.service.ClienteServiceTest" time="0.031"/>
  <testcase name="testDesactivarClienteNotFound" classname="com.jefecame.dreams.service.ClienteServiceTest" time="0.012"/>
  <testcase name="testReactivarCliente" classname="com.jefecame.dreams.service.ClienteServiceTest" time="0.055"/>
  <testcase name="testReactivarClienteNotFound" classname="com.jefecame.dreams.service.ClienteServiceTest" time="0.008"/>
  <testcase name="testEmailValidation" classname="com.jefecame.dreams.service.ClienteServiceTest" time="0.114">
    <failure message="Should reject invalid email: user..name@domain.com ==&gt; Expected java.lang.IllegalArgumentException to be thrown, but nothing was thrown." type="org.opentest4j.AssertionFailedError"><![CDATA[org.opentest4j.AssertionFailedError: Should reject invalid email: user..name@domain.com ==> Expected java.lang.IllegalArgumentException to be thrown, but nothing was thrown.
	at org.junit.jupiter.api.AssertionFailureBuilder.build(AssertionFailureBuilder.java:152)
	at org.junit.jupiter.api.AssertThrows.assertThrows(AssertThrows.java:73)
	at org.junit.jupiter.api.AssertThrows.assertThrows(AssertThrows.java:39)
	at org.junit.jupiter.api.Assertions.assertThrows(Assertions.java:3127)
	at com.jefecame.dreams.service.ClienteServiceTest.testEmailValidation(ClienteServiceTest.java:387)
	at java.base/java.lang.reflect.Method.invoke(Method.java:580)
	at java.base/java.util.ArrayList.forEach(ArrayList.java:1596)
	at java.base/java.util.ArrayList.forEach(ArrayList.java:1596)
]]></failure>
  </testcase>
  <testcase name="testEdgeCases" classname="com.jefecame.dreams.service.ClienteServiceTest" time="0.01">
    <error message="El formato del email no es válido" type="java.lang.IllegalArgumentException"><![CDATA[java.lang.IllegalArgumentException: El formato del email no es válido
	at com.jefecame.dreams.service.ClienteService.agregarCliente(ClienteService.java:54)
	at com.jefecame.dreams.service.ClienteServiceTest.testEdgeCases(ClienteServiceTest.java:401)
	at java.base/java.lang.reflect.Method.invoke(Method.java:580)
	at java.base/java.util.ArrayList.forEach(ArrayList.java:1596)
	at java.base/java.util.ArrayList.forEach(ArrayList.java:1596)
]]></error>
  </testcase>
  <testcase name="testCompleteWorkflow" classname="com.jefecame.dreams.service.ClienteServiceTest" time="0.015"/>
</testsuite>